<?xml version="1.0" encoding="UTF-8"?>
<!-- Generated by org.testng.reporters.JUnitReportReporter -->
<testsuite hostname="PKL-JFAROOQ-LT" failures="0" tests="1" name="MavenProject.SampleMaven.RestAssuredTest" time="0.001" errors="0" timestamp="2020-05-22T02:28:57 PKT" skipped="0">
  <testcase classname="MavenProject.SampleMaven.RestAssuredTest" name="API_Function" time="0.001"/>
  <system-out/>
</testsuite> <!-- MavenProject.SampleMaven.RestAssuredTest -->
