<?xml version="1.0" encoding="UTF-8"?>
<!-- Generated by org.testng.reporters.JUnitReportReporter -->
<testsuite hostname="PKL-JFAROOQ-LT" failures="0" tests="1" name="MavenProject.SampleMaven.Appium" time="0.009" errors="0" timestamp="2020-05-22T01:58:50 PKT" skipped="0">
  <testcase classname="MavenProject.SampleMaven.Appium" name="Appium_Function" time="0.009"/>
  <system-out/>
</testsuite> <!-- MavenProject.SampleMaven.Appium -->
