<?xml version="1.0" encoding="UTF-8"?>
<!-- Generated by org.testng.reporters.JUnitReportReporter -->
<testsuite hostname="PKL-JFAROOQ-LT" failures="0" tests="1" name="MavenProject.SampleMaven.Selenium" time="0.007" errors="0" timestamp="2020-05-22T01:33:31 PKT" skipped="0">
  <testcase classname="MavenProject.SampleMaven.Selenium" name="Selenium_Function" time="0.007"/>
  <system-out/>
</testsuite> <!-- MavenProject.SampleMaven.Selenium -->
