<?xml version="1.0" encoding="UTF-8"?>
<!-- Generated by org.testng.reporters.JUnitReportReporter -->
<testsuite hostname="PKL-JFAROOQ-LT" failures="0" tests="1" name="MavenProject.SampleMaven.SeleniumTest" time="0.000" errors="0" timestamp="2020-05-23T00:51:38 PKT" skipped="0">
  <testcase classname="MavenProject.SampleMaven.SeleniumTest" name="Selenium_Function" time="0.000"/>
  <system-out/>
</testsuite> <!-- MavenProject.SampleMaven.SeleniumTest -->
